<?xml version="1.0" encoding="UTF-8"?>
<robot generator="Robot 3.2.2 (Python 3.9.2 on win32)" generated="20210225 21:43:35.404" rpa="false">
<suite id="s1" name="Sunflower" source="c:\lucasprojeto\Mobile\tests\sunflower.robot">
<test id="s1-t1" name="Scenario: Adicionando uma planta ao jardim através do Add Plant">
<kw name="Open Session" library="sunflower_kw" type="setup">
<kw name="Set Appium Timeout" library="AppiumLibrary">
<doc>Sets the timeout in seconds used by various keywords.</doc>
<arguments>
<arg>5</arg>
</arguments>
<status status="PASS" starttime="20210225 21:43:35.549" endtime="20210225 21:43:35.550"></status>
</kw>
<kw name="Open Application" library="AppiumLibrary">
<doc>Opens a new application to given Appium server.
Capabilities of appium server, Android and iOS,
Please check https://github.com/appium/appium/blob/master/docs/en/writing-running-appium/server-args.md
| *Option*            | *Man.* | *Description*     |
| remote_url          | Yes    | Appium server url |
| alias               | no     | alias             |</doc>
<arguments>
<arg>http://localhost:4723/wd/hub</arg>
<arg>automationName=UiAutomator2</arg>
<arg>platformName=Android</arg>
<arg>deviceName=Emulator</arg>
<arg>app=C:\\lucasprojeto\\Mobile\\apk\\sunflower.apk</arg>
</arguments>
<status status="PASS" starttime="20210225 21:43:35.550" endtime="20210225 21:43:44.140"></status>
</kw>
<status status="PASS" starttime="20210225 21:43:35.549" endtime="20210225 21:43:44.140"></status>
</kw>
<kw name="Dado que estou na tela inicial do app Sunflower" library="sunflower_kw">
<kw name="Wait Until Page Contains" library="AppiumLibrary">
<doc>Waits until `text` appears on current page.</doc>
<arguments>
<arg>Your garden is empty</arg>
</arguments>
<status status="PASS" starttime="20210225 21:43:44.141" endtime="20210225 21:43:44.600"></status>
</kw>
<status status="PASS" starttime="20210225 21:43:44.141" endtime="20210225 21:43:44.600"></status>
</kw>
<kw name="Quando clico em AddPlant" library="sunflower_kw">
<kw name="Click Element" library="AppiumLibrary">
<doc>Click element identified by `locator`.</doc>
<arguments>
<arg>${ADDPLANTA}</arg>
</arguments>
<msg timestamp="20210225 21:43:44.601" level="INFO">Clicking element 'id=com.google.samples.apps.sunflower:id/add_plant'.</msg>
<status status="PASS" starttime="20210225 21:43:44.600" endtime="20210225 21:43:44.651"></status>
</kw>
<status status="PASS" starttime="20210225 21:43:44.600" endtime="20210225 21:43:44.651"></status>
</kw>
<kw name="E o app Sunflower direciona à lista" library="sunflower_kw">
<kw name="Wait Until Element Is Visible" library="AppiumLibrary">
<doc>Waits until element specified with `locator` is visible.</doc>
<arguments>
<arg>${BOTAO_LISTA}</arg>
</arguments>
<status status="PASS" starttime="20210225 21:43:44.651" endtime="20210225 21:43:45.468"></status>
</kw>
<status status="PASS" starttime="20210225 21:43:44.651" endtime="20210225 21:43:45.468"></status>
</kw>
<kw name="E escolho adicionar maçãs em meu jardim" library="sunflower_kw">
<kw name="Click Element" library="AppiumLibrary">
<doc>Click element identified by `locator`.</doc>
<arguments>
<arg>${MAÇA}</arg>
</arguments>
<msg timestamp="20210225 21:43:45.470" level="INFO">Clicking element 'xpath=/hierarchy/android.widget.FrameLayout/android.widget.LinearLayout/android.widget.FrameLayout/android.widget.LinearLayout/android.widget.FrameLayout/android.widget.FrameLayout/android.widget.FrameLayout/android.view.ViewGroup/androidx.viewpager.widget.ViewPager/androidx.recyclerview.widget.RecyclerView/android.widget.FrameLayout/android.widget.FrameLayout/androidx.recyclerview.widget.RecyclerView/androidx.cardview.widget.CardView[1]/android.view.ViewGroup'.</msg>
<status status="PASS" starttime="20210225 21:43:45.469" endtime="20210225 21:43:45.537"></status>
</kw>
<status status="PASS" starttime="20210225 21:43:45.469" endtime="20210225 21:43:45.537"></status>
</kw>
<kw name="E clico em maças, abre-se a tela de descrição da mesma" library="sunflower_kw">
<kw name="Wait Until Element Is Visible" library="AppiumLibrary">
<doc>Waits until element specified with `locator` is visible.</doc>
<arguments>
<arg>${BOTAO_MAIS}</arg>
</arguments>
<status status="PASS" starttime="20210225 21:43:45.538" endtime="20210225 21:43:46.269"></status>
</kw>
<status status="PASS" starttime="20210225 21:43:45.538" endtime="20210225 21:43:46.269"></status>
</kw>
<kw name="E clico no botão &quot;+&quot;" library="sunflower_kw">
<kw name="Click Element" library="AppiumLibrary">
<doc>Click element identified by `locator`.</doc>
<arguments>
<arg>${BOTAO_MAIS}</arg>
</arguments>
<msg timestamp="20210225 21:43:46.270" level="INFO">Clicking element 'id=com.google.samples.apps.sunflower:id/fab'.</msg>
<status status="PASS" starttime="20210225 21:43:46.269" endtime="20210225 21:43:46.300"></status>
</kw>
<status status="PASS" starttime="20210225 21:43:46.269" endtime="20210225 21:43:46.301"></status>
</kw>
<kw name="Então recebo a informação que a planta foi adicionada ao jardim" library="sunflower_kw">
<kw name="Wait Until Page Contains" library="AppiumLibrary">
<doc>Waits until `text` appears on current page.</doc>
<arguments>
<arg>Added plant to garden</arg>
</arguments>
<status status="PASS" starttime="20210225 21:43:46.301" endtime="20210225 21:43:47.089"></status>
</kw>
<status status="PASS" starttime="20210225 21:43:46.301" endtime="20210225 21:43:47.090"></status>
</kw>
<kw name="Close Session" library="sunflower_kw" type="teardown">
<kw name="Close Application" library="AppiumLibrary">
<doc>Closes the current application and also close webdriver session.</doc>
<status status="PASS" starttime="20210225 21:43:47.090" endtime="20210225 21:43:47.469"></status>
</kw>
<status status="PASS" starttime="20210225 21:43:47.090" endtime="20210225 21:43:47.469"></status>
</kw>
<status status="PASS" starttime="20210225 21:43:35.549" endtime="20210225 21:43:47.470" critical="yes"></status>
</test>
<test id="s1-t2" name="Scenario: Verificando se a planta foi adicionada ao jardim">
<kw name="Open Session" library="sunflower_kw" type="setup">
<kw name="Set Appium Timeout" library="AppiumLibrary">
<doc>Sets the timeout in seconds used by various keywords.</doc>
<arguments>
<arg>5</arg>
</arguments>
<status status="PASS" starttime="20210225 21:43:47.471" endtime="20210225 21:43:47.471"></status>
</kw>
<kw name="Open Application" library="AppiumLibrary">
<doc>Opens a new application to given Appium server.
Capabilities of appium server, Android and iOS,
Please check https://github.com/appium/appium/blob/master/docs/en/writing-running-appium/server-args.md
| *Option*            | *Man.* | *Description*     |
| remote_url          | Yes    | Appium server url |
| alias               | no     | alias             |</doc>
<arguments>
<arg>http://localhost:4723/wd/hub</arg>
<arg>automationName=UiAutomator2</arg>
<arg>platformName=Android</arg>
<arg>deviceName=Emulator</arg>
<arg>app=C:\\lucasprojeto\\Mobile\\apk\\sunflower.apk</arg>
</arguments>
<status status="PASS" starttime="20210225 21:43:47.471" endtime="20210225 21:43:55.925"></status>
</kw>
<status status="PASS" starttime="20210225 21:43:47.471" endtime="20210225 21:43:55.925"></status>
</kw>
<kw name="Dado que recebi a informação de planta adicionada ao jardim" library="sunflower_kw">
<kw name="Wait Until Page Contains" library="AppiumLibrary">
<doc>Waits until `text` appears on current page.</doc>
<arguments>
<arg>Your garden is empty</arg>
</arguments>
<status status="PASS" starttime="20210225 21:43:55.926" endtime="20210225 21:43:56.455"></status>
</kw>
<kw name="Click Element" library="AppiumLibrary">
<doc>Click element identified by `locator`.</doc>
<arguments>
<arg>${ADDPLANTA}</arg>
</arguments>
<msg timestamp="20210225 21:43:56.456" level="INFO">Clicking element 'id=com.google.samples.apps.sunflower:id/add_plant'.</msg>
<status status="PASS" starttime="20210225 21:43:56.455" endtime="20210225 21:43:56.508"></status>
</kw>
<kw name="Wait Until Element Is Visible" library="AppiumLibrary">
<doc>Waits until element specified with `locator` is visible.</doc>
<arguments>
<arg>${BOTAO_LISTA}</arg>
</arguments>
<status status="PASS" starttime="20210225 21:43:56.508" endtime="20210225 21:43:57.327"></status>
</kw>
<kw name="Click Element" library="AppiumLibrary">
<doc>Click element identified by `locator`.</doc>
<arguments>
<arg>${MAÇA}</arg>
</arguments>
<msg timestamp="20210225 21:43:57.328" level="INFO">Clicking element 'xpath=/hierarchy/android.widget.FrameLayout/android.widget.LinearLayout/android.widget.FrameLayout/android.widget.LinearLayout/android.widget.FrameLayout/android.widget.FrameLayout/android.widget.FrameLayout/android.view.ViewGroup/androidx.viewpager.widget.ViewPager/androidx.recyclerview.widget.RecyclerView/android.widget.FrameLayout/android.widget.FrameLayout/androidx.recyclerview.widget.RecyclerView/androidx.cardview.widget.CardView[1]/android.view.ViewGroup'.</msg>
<status status="PASS" starttime="20210225 21:43:57.327" endtime="20210225 21:43:57.402"></status>
</kw>
<kw name="Wait Until Element Is Visible" library="AppiumLibrary">
<doc>Waits until element specified with `locator` is visible.</doc>
<arguments>
<arg>${BOTAO_MAIS}</arg>
</arguments>
<status status="PASS" starttime="20210225 21:43:57.402" endtime="20210225 21:43:58.127"></status>
</kw>
<kw name="Click Element" library="AppiumLibrary">
<doc>Click element identified by `locator`.</doc>
<arguments>
<arg>${BOTAO_MAIS}</arg>
</arguments>
<msg timestamp="20210225 21:43:58.128" level="INFO">Clicking element 'id=com.google.samples.apps.sunflower:id/fab'.</msg>
<status status="PASS" starttime="20210225 21:43:58.127" endtime="20210225 21:43:58.160"></status>
</kw>
<kw name="Wait Until Page Contains" library="AppiumLibrary">
<doc>Waits until `text` appears on current page.</doc>
<arguments>
<arg>Added plant to garden</arg>
</arguments>
<status status="PASS" starttime="20210225 21:43:58.160" endtime="20210225 21:43:58.942"></status>
</kw>
<status status="PASS" starttime="20210225 21:43:55.925" endtime="20210225 21:43:58.942"></status>
</kw>
<kw name="E clico no botão voltar na parte superior esquerda" library="sunflower_kw">
<kw name="Click Element" library="AppiumLibrary">
<doc>Click element identified by `locator`.</doc>
<arguments>
<arg>${BOTAO_VOLTAR}</arg>
</arguments>
<msg timestamp="20210225 21:43:58.944" level="INFO">Clicking element 'xpath=/hierarchy/android.widget.FrameLayout/android.widget.LinearLayout/android.widget.FrameLayout/android.widget.LinearLayout/android.widget.FrameLayout/android.widget.FrameLayout/android.widget.FrameLayout/android.view.ViewGroup/android.widget.LinearLayout/android.widget.FrameLayout/android.view.ViewGroup/android.widget.ImageButton'.</msg>
<status status="PASS" starttime="20210225 21:43:58.943" endtime="20210225 21:43:58.985"></status>
</kw>
<status status="PASS" starttime="20210225 21:43:58.943" endtime="20210225 21:43:58.985"></status>
</kw>
<kw name="E novamente sou direcionado à lista" library="sunflower_kw">
<kw name="Wait Until Element Is Visible" library="AppiumLibrary">
<doc>Waits until element specified with `locator` is visible.</doc>
<arguments>
<arg>${BOTAO_LISTA}</arg>
</arguments>
<status status="PASS" starttime="20210225 21:43:58.986" endtime="20210225 21:44:00.920"></status>
</kw>
<status status="PASS" starttime="20210225 21:43:58.985" endtime="20210225 21:44:00.920"></status>
</kw>
<kw name="Quando clico em My Garden" library="sunflower_kw">
<kw name="Click Element" library="AppiumLibrary">
<doc>Click element identified by `locator`.</doc>
<arguments>
<arg>${BOTAO_JARDIM}</arg>
</arguments>
<msg timestamp="20210225 21:44:00.921" level="INFO">Clicking element 'xpath=//android.widget.LinearLayout[@content-desc="My garden"]'.</msg>
<status status="PASS" starttime="20210225 21:44:00.920" endtime="20210225 21:44:00.966"></status>
</kw>
<status status="PASS" starttime="20210225 21:44:00.920" endtime="20210225 21:44:00.966"></status>
</kw>
<kw name="Então vejo que a maçã foi adicionada em meu jardim" library="sunflower_kw">
<kw name="Wait Until Element Is Visible" library="AppiumLibrary">
<doc>Waits until element specified with `locator` is visible.</doc>
<arguments>
<arg>${MEUJARDIM}</arg>
</arguments>
<status status="PASS" starttime="20210225 21:44:00.967" endtime="20210225 21:44:01.749"></status>
</kw>
<status status="PASS" starttime="20210225 21:44:00.967" endtime="20210225 21:44:01.750"></status>
</kw>
<kw name="Close Session" library="sunflower_kw" type="teardown">
<kw name="Close Application" library="AppiumLibrary">
<doc>Closes the current application and also close webdriver session.</doc>
<status status="PASS" starttime="20210225 21:44:01.750" endtime="20210225 21:44:02.009"></status>
</kw>
<status status="PASS" starttime="20210225 21:44:01.750" endtime="20210225 21:44:02.010"></status>
</kw>
<status status="PASS" starttime="20210225 21:43:47.471" endtime="20210225 21:44:02.010" critical="yes"></status>
</test>
<test id="s1-t3" name="Scenario: Adicionando nova planta através do Plant List">
<kw name="Open Session" library="sunflower_kw" type="setup">
<kw name="Set Appium Timeout" library="AppiumLibrary">
<doc>Sets the timeout in seconds used by various keywords.</doc>
<arguments>
<arg>5</arg>
</arguments>
<status status="PASS" starttime="20210225 21:44:02.011" endtime="20210225 21:44:02.011"></status>
</kw>
<kw name="Open Application" library="AppiumLibrary">
<doc>Opens a new application to given Appium server.
Capabilities of appium server, Android and iOS,
Please check https://github.com/appium/appium/blob/master/docs/en/writing-running-appium/server-args.md
| *Option*            | *Man.* | *Description*     |
| remote_url          | Yes    | Appium server url |
| alias               | no     | alias             |</doc>
<arguments>
<arg>http://localhost:4723/wd/hub</arg>
<arg>automationName=UiAutomator2</arg>
<arg>platformName=Android</arg>
<arg>deviceName=Emulator</arg>
<arg>app=C:\\lucasprojeto\\Mobile\\apk\\sunflower.apk</arg>
</arguments>
<status status="PASS" starttime="20210225 21:44:02.011" endtime="20210225 21:44:10.505"></status>
</kw>
<status status="PASS" starttime="20210225 21:44:02.011" endtime="20210225 21:44:10.506"></status>
</kw>
<kw name="Dado que estou na tela My Garden com maçã adicionada à minha lista" library="sunflower_kw">
<kw name="Wait Until Page Contains" library="AppiumLibrary">
<doc>Waits until `text` appears on current page.</doc>
<arguments>
<arg>Your garden is empty</arg>
</arguments>
<status status="PASS" starttime="20210225 21:44:10.506" endtime="20210225 21:44:11.035"></status>
</kw>
<kw name="Click Element" library="AppiumLibrary">
<doc>Click element identified by `locator`.</doc>
<arguments>
<arg>${ADDPLANTA}</arg>
</arguments>
<msg timestamp="20210225 21:44:11.036" level="INFO">Clicking element 'id=com.google.samples.apps.sunflower:id/add_plant'.</msg>
<status status="PASS" starttime="20210225 21:44:11.035" endtime="20210225 21:44:11.089"></status>
</kw>
<kw name="Wait Until Element Is Visible" library="AppiumLibrary">
<doc>Waits until element specified with `locator` is visible.</doc>
<arguments>
<arg>${BOTAO_LISTA}</arg>
</arguments>
<status status="PASS" starttime="20210225 21:44:11.089" endtime="20210225 21:44:11.899"></status>
</kw>
<kw name="Click Element" library="AppiumLibrary">
<doc>Click element identified by `locator`.</doc>
<arguments>
<arg>${MAÇA}</arg>
</arguments>
<msg timestamp="20210225 21:44:11.899" level="INFO">Clicking element 'xpath=/hierarchy/android.widget.FrameLayout/android.widget.LinearLayout/android.widget.FrameLayout/android.widget.LinearLayout/android.widget.FrameLayout/android.widget.FrameLayout/android.widget.FrameLayout/android.view.ViewGroup/androidx.viewpager.widget.ViewPager/androidx.recyclerview.widget.RecyclerView/android.widget.FrameLayout/android.widget.FrameLayout/androidx.recyclerview.widget.RecyclerView/androidx.cardview.widget.CardView[1]/android.view.ViewGroup'.</msg>
<status status="PASS" starttime="20210225 21:44:11.899" endtime="20210225 21:44:11.963"></status>
</kw>
<kw name="Wait Until Element Is Visible" library="AppiumLibrary">
<doc>Waits until element specified with `locator` is visible.</doc>
<arguments>
<arg>${BOTAO_MAIS}</arg>
</arguments>
<status status="PASS" starttime="20210225 21:44:11.964" endtime="20210225 21:44:12.692"></status>
</kw>
<kw name="Click Element" library="AppiumLibrary">
<doc>Click element identified by `locator`.</doc>
<arguments>
<arg>${BOTAO_MAIS}</arg>
</arguments>
<msg timestamp="20210225 21:44:12.693" level="INFO">Clicking element 'id=com.google.samples.apps.sunflower:id/fab'.</msg>
<status status="PASS" starttime="20210225 21:44:12.692" endtime="20210225 21:44:12.722"></status>
</kw>
<kw name="Wait Until Page Contains" library="AppiumLibrary">
<doc>Waits until `text` appears on current page.</doc>
<arguments>
<arg>Added plant to garden</arg>
</arguments>
<status status="PASS" starttime="20210225 21:44:12.722" endtime="20210225 21:44:13.509"></status>
</kw>
<kw name="Click Element" library="AppiumLibrary">
<doc>Click element identified by `locator`.</doc>
<arguments>
<arg>${BOTAO_VOLTAR}</arg>
</arguments>
<msg timestamp="20210225 21:44:13.510" level="INFO">Clicking element 'xpath=/hierarchy/android.widget.FrameLayout/android.widget.LinearLayout/android.widget.FrameLayout/android.widget.LinearLayout/android.widget.FrameLayout/android.widget.FrameLayout/android.widget.FrameLayout/android.view.ViewGroup/android.widget.LinearLayout/android.widget.FrameLayout/android.view.ViewGroup/android.widget.ImageButton'.</msg>
<status status="PASS" starttime="20210225 21:44:13.510" endtime="20210225 21:44:13.550"></status>
</kw>
<kw name="Wait Until Element Is Visible" library="AppiumLibrary">
<doc>Waits until element specified with `locator` is visible.</doc>
<arguments>
<arg>${BOTAO_LISTA}</arg>
</arguments>
<status status="PASS" starttime="20210225 21:44:13.550" endtime="20210225 21:44:14.426"></status>
</kw>
<kw name="Click Element" library="AppiumLibrary">
<doc>Click element identified by `locator`.</doc>
<arguments>
<arg>${BOTAO_JARDIM}</arg>
</arguments>
<msg timestamp="20210225 21:44:14.427" level="INFO">Clicking element 'xpath=//android.widget.LinearLayout[@content-desc="My garden"]'.</msg>
<status status="PASS" starttime="20210225 21:44:14.426" endtime="20210225 21:44:14.479"></status>
</kw>
<kw name="Wait Until Element Is Visible" library="AppiumLibrary">
<doc>Waits until element specified with `locator` is visible.</doc>
<arguments>
<arg>${MEUJARDIM}</arg>
</arguments>
<status status="PASS" starttime="20210225 21:44:14.479" endtime="20210225 21:44:15.268"></status>
</kw>
<status status="PASS" starttime="20210225 21:44:10.506" endtime="20210225 21:44:15.268"></status>
</kw>
<kw name="E clico em Plant List" library="sunflower_kw">
<kw name="Click Element" library="AppiumLibrary">
<doc>Click element identified by `locator`.</doc>
<arguments>
<arg>${BOTAO_LISTA}</arg>
</arguments>
<msg timestamp="20210225 21:44:15.270" level="INFO">Clicking element 'xpath=//android.widget.LinearLayout[@content-desc="Plant list"]'.</msg>
<status status="PASS" starttime="20210225 21:44:15.269" endtime="20210225 21:44:15.309"></status>
</kw>
<status status="PASS" starttime="20210225 21:44:15.269" endtime="20210225 21:44:15.309"></status>
</kw>
<kw name="Quando clico, sou direcionado à lista de plantas" library="sunflower_kw">
<kw name="Wait Until Element Is Visible" library="AppiumLibrary">
<doc>Waits until element specified with `locator` is visible.</doc>
<arguments>
<arg>${LISTA_PLANTA}</arg>
</arguments>
<status status="PASS" starttime="20210225 21:44:15.310" endtime="20210225 21:44:16.095"></status>
</kw>
<status status="PASS" starttime="20210225 21:44:15.310" endtime="20210225 21:44:16.095"></status>
</kw>
<kw name="E escolho adicionar beterraba ao meu jardim" library="sunflower_kw">
<kw name="Click Element" library="AppiumLibrary">
<doc>Click element identified by `locator`.</doc>
<arguments>
<arg>${BEET}</arg>
</arguments>
<msg timestamp="20210225 21:44:16.096" level="INFO">Clicking element 'xpath=/hierarchy/android.widget.FrameLayout/android.widget.LinearLayout/android.widget.FrameLayout/android.widget.LinearLayout/android.widget.FrameLayout/android.widget.FrameLayout/android.widget.FrameLayout/android.view.ViewGroup/androidx.viewpager.widget.ViewPager/androidx.recyclerview.widget.RecyclerView/android.widget.FrameLayout/android.widget.FrameLayout/androidx.recyclerview.widget.RecyclerView/androidx.cardview.widget.CardView[3]/android.view.ViewGroup'.</msg>
<status status="PASS" starttime="20210225 21:44:16.095" endtime="20210225 21:44:16.139"></status>
</kw>
<kw name="Wait Until Element Is Visible" library="AppiumLibrary">
<doc>Waits until element specified with `locator` is visible.</doc>
<arguments>
<arg>${BOTAO_MAIS}</arg>
</arguments>
<status status="PASS" starttime="20210225 21:44:16.139" endtime="20210225 21:44:16.811"></status>
</kw>
<status status="PASS" starttime="20210225 21:44:16.095" endtime="20210225 21:44:16.811"></status>
</kw>
<kw name="E clico no botão de &quot;+&quot; para adicionar" library="sunflower_kw">
<kw name="Click Element" library="AppiumLibrary">
<doc>Click element identified by `locator`.</doc>
<arguments>
<arg>${BOTAO_MAIS}</arg>
</arguments>
<msg timestamp="20210225 21:44:16.813" level="INFO">Clicking element 'id=com.google.samples.apps.sunflower:id/fab'.</msg>
<status status="PASS" starttime="20210225 21:44:16.812" endtime="20210225 21:44:16.837"></status>
</kw>
<kw name="Wait Until Page Contains" library="AppiumLibrary">
<doc>Waits until `text` appears on current page.</doc>
<arguments>
<arg>Added plant to garden</arg>
</arguments>
<status status="PASS" starttime="20210225 21:44:16.837" endtime="20210225 21:44:17.595"></status>
</kw>
<status status="PASS" starttime="20210225 21:44:16.812" endtime="20210225 21:44:17.595"></status>
</kw>
<kw name="Então, clicando nos botões voltar e My Garden, vejo que lá está beterraba adicionada." library="sunflower_kw">
<kw name="Click Element" library="AppiumLibrary">
<doc>Click element identified by `locator`.</doc>
<arguments>
<arg>${BOTAO_VOLTAR}</arg>
</arguments>
<msg timestamp="20210225 21:44:17.596" level="INFO">Clicking element 'xpath=/hierarchy/android.widget.FrameLayout/android.widget.LinearLayout/android.widget.FrameLayout/android.widget.LinearLayout/android.widget.FrameLayout/android.widget.FrameLayout/android.widget.FrameLayout/android.view.ViewGroup/android.widget.LinearLayout/android.widget.FrameLayout/android.view.ViewGroup/android.widget.ImageButton'.</msg>
<status status="PASS" starttime="20210225 21:44:17.596" endtime="20210225 21:44:17.624"></status>
</kw>
<kw name="Wait Until Element Is Visible" library="AppiumLibrary">
<doc>Waits until element specified with `locator` is visible.</doc>
<arguments>
<arg>${LISTA_PLANTA}</arg>
</arguments>
<status status="PASS" starttime="20210225 21:44:17.624" endtime="20210225 21:44:18.353"></status>
</kw>
<kw name="Click Element" library="AppiumLibrary">
<doc>Click element identified by `locator`.</doc>
<arguments>
<arg>${BOTAO_JARDIM}</arg>
</arguments>
<msg timestamp="20210225 21:44:18.354" level="INFO">Clicking element 'xpath=//android.widget.LinearLayout[@content-desc="My garden"]'.</msg>
<status status="PASS" starttime="20210225 21:44:18.353" endtime="20210225 21:44:18.395"></status>
</kw>
<kw name="Wait Until Element Is Visible" library="AppiumLibrary">
<doc>Waits until element specified with `locator` is visible.</doc>
<arguments>
<arg>${MEUJARDIM}</arg>
</arguments>
<status status="PASS" starttime="20210225 21:44:18.395" endtime="20210225 21:44:19.177"></status>
</kw>
<status status="PASS" starttime="20210225 21:44:17.595" endtime="20210225 21:44:19.177"></status>
</kw>
<kw name="Close Session" library="sunflower_kw" type="teardown">
<kw name="Close Application" library="AppiumLibrary">
<doc>Closes the current application and also close webdriver session.</doc>
<status status="PASS" starttime="20210225 21:44:19.178" endtime="20210225 21:44:19.467"></status>
</kw>
<status status="PASS" starttime="20210225 21:44:19.178" endtime="20210225 21:44:19.467"></status>
</kw>
<status status="PASS" starttime="20210225 21:44:02.010" endtime="20210225 21:44:19.467" critical="yes"></status>
</test>
<status status="PASS" starttime="20210225 21:43:35.405" endtime="20210225 21:44:19.468"></status>
</suite>
<statistics>
<total>
<stat pass="3" fail="0">Critical Tests</stat>
<stat pass="3" fail="0">All Tests</stat>
</total>
<tag>
</tag>
<suite>
<stat pass="3" fail="0" id="s1" name="Sunflower">Sunflower</stat>
</suite>
</statistics>
<errors>
</errors>
</robot>
